TN:
SF:src\polyfills.ts
FNF:0
FNH:0
LF:0
LH:0
BRF:0
BRH:0
end_of_record
TN:
SF:src\test.ts
FNF:0
FNH:0
DA:18,1
DA:23,1
DA:25,1
LF:3
LH:3
BRF:0
BRH:0
end_of_record
TN:
SF:src\app\app.component.ts
FN:12,(anonymous_0)
FN:16,(anonymous_1)
FNF:2
FNH:0
FNDA:0,(anonymous_0)
FNDA:0,(anonymous_1)
DA:10,1
DA:11,0
DA:13,0
DA:17,0
LF:4
LH:1
BRF:0
BRH:0
end_of_record
TN:
SF:src\app\login\login.component.ts
FN:35,(anonymous_0)
FN:39,(anonymous_1)
FN:49,(anonymous_2)
FN:51,(anonymous_3)
FN:53,(anonymous_4)
FN:65,(anonymous_5)
FN:67,(anonymous_6)
FN:79,(anonymous_7)
FN:85,(anonymous_8)
FN:91,(anonymous_9)
FN:93,(anonymous_10)
FN:101,(anonymous_11)
FN:123,(anonymous_12)
FN:127,(anonymous_13)
FN:131,(anonymous_14)
FN:135,(anonymous_15)
FN:140,(anonymous_16)
FN:144,(anonymous_17)
FN:148,(anonymous_18)
FN:152,(anonymous_19)
FN:154,(anonymous_20)
FN:162,(anonymous_21)
FN:171,(anonymous_22)
FN:179,(anonymous_23)
FNF:24
FNH:19
FNDA:14,(anonymous_0)
FNDA:8,(anonymous_1)
FNDA:8,(anonymous_2)
FNDA:2,(anonymous_3)
FNDA:2,(anonymous_4)
FNDA:2,(anonymous_5)
FNDA:2,(anonymous_6)
FNDA:2,(anonymous_7)
FNDA:2,(anonymous_8)
FNDA:1,(anonymous_9)
FNDA:1,(anonymous_10)
FNDA:1,(anonymous_11)
FNDA:42,(anonymous_12)
FNDA:28,(anonymous_13)
FNDA:28,(anonymous_14)
FNDA:28,(anonymous_15)
FNDA:0,(anonymous_16)
FNDA:0,(anonymous_17)
FNDA:0,(anonymous_18)
FNDA:9,(anonymous_19)
FNDA:0,(anonymous_20)
FNDA:8,(anonymous_21)
FNDA:16,(anonymous_22)
FNDA:0,(anonymous_23)
DA:7,1
DA:14,1
DA:15,14
DA:16,14
DA:17,14
DA:18,14
DA:19,14
DA:20,14
DA:22,14
DA:35,14
DA:36,14
DA:41,8
DA:42,8
DA:43,8
DA:44,8
DA:50,8
DA:52,2
DA:53,2
DA:54,2
DA:55,2
DA:56,2
DA:58,0
DA:64,8
DA:66,2
DA:67,2
DA:68,2
DA:69,2
DA:70,2
DA:72,0
DA:78,8
DA:80,2
DA:84,8
DA:86,2
DA:92,1
DA:93,1
DA:94,1
DA:95,1
DA:96,1
DA:102,1
DA:103,1
DA:104,1
DA:105,1
DA:106,1
DA:107,1
DA:108,1
DA:109,1
DA:110,1
DA:111,1
DA:113,1
DA:115,0
DA:120,1
DA:124,42
DA:128,28
DA:132,28
DA:136,28
DA:141,0
DA:145,0
DA:149,0
DA:153,9
DA:155,0
DA:163,8
DA:164,176
DA:166,8
DA:167,248
DA:172,16
DA:180,0
LF:66
LH:58
BRDA:54,0,0,2
BRDA:54,0,1,0
BRDA:68,1,0,2
BRDA:68,1,1,0
BRDA:94,2,0,1
BRDA:94,2,1,0
BRDA:111,3,0,1
BRDA:111,3,1,0
BRDA:111,4,0,1
BRDA:111,4,1,0
BRDA:111,4,2,0
BRDA:172,5,0,16
BRDA:172,5,1,8
BRDA:172,5,2,4
BRDA:172,5,3,2
BRF:15
BRH:9
end_of_record
